Filtrage des donn√©es pour type_station=hvb, type_consommateur=indiv, id_centrale=...
Erreur : Aucun r√©sultat apr√®s le filtrage pour type_station=hvb et type_consommateur=indiv.
Filtrage des donn√©es pour type_station=hvb, type_consommateur=comp, id_centrale=...
Erreur : Aucun r√©sultat apr√®s le filtrage pour type_station=hvb et type_consommateur=comp.
Filtrage des donn√©es pour type_station=hvb, type_consommateur=comp, id_centrale=station1...
Erreur : Aucun r√©sultat apr√®s le filtrage pour type_station=hvb et type_consommateur=comp.
Filtrage des donn√©es pour type_station=hvb, type_consommateur=comp, id_centrale=...
Ex√©cution du programme C avec tmp/filtered.csv...
Format de ligne invalide : hvb,comp,0,1000,500

Format de ligne invalide : hvb,comp,2,3000,2500

Erreur: Impossible de charger les donn√©es depuis tmp/filtered.csv
Chargement des donn√©es depuis tmp/filtered.csv...
Nettoyage des fichiers temporaires...
Temps total d'ex√©cution : 0 secondes
Filtrage des donn√©es pour type_station=hvb, type_consommateur=comp, id_centrale=...
Ex√©cution du programme C avec tmp/filtered.csv...
Format de ligne invalide : hvb,comp,0,1000,500,0

Format de ligne invalide : hvb,comp,2,3000,2500,0

Erreur: Impossible de charger les donn√©es depuis tmp/filtered.csv
Chargement des donn√©es depuis tmp/filtered.csv...
Nettoyage des fichiers temporaires...
Temps total d'ex√©cution : 0 secondes
Filtrage des donn√©es pour type_station=hvb, type_consommateur=comp, id_centrale=...
Contenu de tmp/filtered.csv apr√®s filtrage :
hvb,comp,0,1000,500
Ex√©cution du programme C avec tmp/filtered.csv...
Format de ligne invalide : hvb,comp,0,1000,500

Erreur: Impossible de charger les donn√©es depuis tmp/filtered.csv
Chargement des donn√©es depuis tmp/filtered.csv...
Erreur : Le programme C a √©chou√©. Consultez execution.log pour plus de d√©tails.
Filtrage des donn√©es pour type_station=hvb, type_consommateur=comp, id_centrale=...
Contenu de tmp/filtered.csv apr√®s filtrage :
hvb,comp,0,1000,500
Ex√©cution du programme C avec tmp/filtered.csv...
Chargement des donn√©es depuis tmp/filtered.csv...
Donn√©es dans l'arbre AVL :
hvb_comp_hvb_comp_ ˇˇ : 1000
G√©n√©ration du fichier de sortie output.csv...
Traitement termin√©. R√©sultats enregistr√©s dans output.csv
Nettoyage des fichiers temporaires...
Temps total d'ex√©cution : 0 secondes
Filtrage des donn√©es pour type_station=hvb, type_consommateur=comp, id_centrale=--keep-tmp...
Contenu de tmp/filtered.csv apr√®s filtrage :
hvb,comp,0,1000,500
Erreur : Aucun r√©sultat apr√®s le filtrage par id_centrale (--keep-tmp).
Filtrage des donn√©es pour type_station=hvb, type_consommateur=comp, id_centrale=...
Contenu de tmp/filtered.csv apr√®s filtrage :
hvb,comp,0,1000,500
Ex√©cution du programme C avec tmp/filtered.csv...
Chargement des donn√©es depuis tmp/filtered.csv...
Donn√©es dans l'arbre AVL :
êl
Ä : 1000
G√©n√©ration du fichier de sortie output.csv...
Traitement termin√©. R√©sultats enregistr√©s dans output.csv
Nettoyage des fichiers temporaires...
Temps total d'ex√©cution : 1 secondes
