DEBUG: Lecture du fichier d'entrée : ../tmp/processed.dat
DEBUG: Lecture du fichier d'entrée : ../tmp/processed.dat
DEBUG: Fichier ouvert avec succès : ../tmp/processed.dat
DEBUG: Ligne brute lue : 1;-;-;-;-;-;2707288990;0

DEBUG: Ligne brute lue : 1
DEBUG: Champs extraits - PowerPlant: 1, HVB: -, HVA: -, LV: -, Company: -, Individual: -, Capacity: 2707288990, Load: 0
DEBUG: Données converties - Capacity: 2707288990, Load: 0
DEBUG: Insertion dans l'arbre AVL pour la clé : 1
DEBUG: Insertion de la clé : 1 avec capacité : 2707288990 et charge : 0
DEBUG: Nouveau nœud créé avec la clé : 1
DEBUG: Ligne brute lue : 1;1;-;-;-;-;916264250;0

DEBUG: Ligne brute lue : 1
DEBUG: Champs extraits - PowerPlant: 1, HVB: 1, HVA: -, LV: -, Company: -, Individual: -, Capacity: 916264250, Load: 0
DEBUG: Données converties - Capacity: 916264250, Load: 0
DEBUG: Insertion dans l'arbre AVL pour la clé : 1
DEBUG: Insertion de la clé : 1 avec capacité : 916264250 et charge : 0
DEBUG: Clé dupliquée ignorée : 1
DEBUG: Ligne brute lue : 1;1;-;-;71;-;0;213302747

DEBUG: Ligne brute lue : 1
DEBUG: Champs extraits - PowerPlant: 1, HVB: 1, HVA: -, LV: -, Company: 71, Individual: -, Capacity: 0, Load: 213302747
DEBUG: Données converties - Capacity: 0, Load: 213302747
DEBUG: Insertion dans l'arbre AVL pour la clé : 1
DEBUG: Insertion de la clé : 1 avec capacité : 0 et charge : 213302747
DEBUG: Clé dupliquée ignorée : 1
DEBUG: Ligne brute lue : 1;1;1;-;-;-;916264250;0

DEBUG: Ligne brute lue : 1
DEBUG: Champs extraits - PowerPlant: 1, HVB: 1, HVA: 1, LV: -, Company: -, Individual: -, Capacity: 916264250, Load: 0
DEBUG: Données converties - Capacity: 916264250, Load: 0
DEBUG: Insertion dans l'arbre AVL pour la clé : 1
DEBUG: Insertion de la clé : 1 avec capacité : 916264250 et charge : 0
DEBUG: Clé dupliquée ignorée : 1
DEBUG: Ligne brute lue : 1;-;1;-;61;-;0;226765650

DEBUG: Ligne brute lue : 1
DEBUG: Champs extraits - PowerPlant: 1, HVB: -, HVA: 1, LV: -, Company: 61, Individual: -, Capacity: 0, Load: 226765650
DEBUG: Données converties - Capacity: 0, Load: 226765650
DEBUG: Insertion dans l'arbre AVL pour la clé : 1
DEBUG: Insertion de la clé : 1 avec capacité : 0 et charge : 226765650
DEBUG: Clé dupliquée ignorée : 1
DEBUG: Ligne brute lue : 1;-;1;1;-;-;241999040;0

DEBUG: Ligne brute lue : 1
DEBUG: Champs extraits - PowerPlant: 1, HVB: -, HVA: 1, LV: 1, Company: -, Individual: -, Capacity: 241999040, Load: 0
DEBUG: Données converties - Capacity: 241999040, Load: 0
DEBUG: Insertion dans l'arbre AVL pour la clé : 1
DEBUG: Insertion de la clé : 1 avec capacité : 241999040 et charge : 0
DEBUG: Clé dupliquée ignorée : 1
DEBUG: Ligne brute lue : 1;-;-;1;1;-;0;96811846

DEBUG: Ligne brute lue : 1
DEBUG: Champs extraits - PowerPlant: 1, HVB: -, HVA: -, LV: 1, Company: 1, Individual: -, Capacity: 0, Load: 96811846
DEBUG: Données converties - Capacity: 0, Load: 96811846
DEBUG: Insertion dans l'arbre AVL pour la clé : 1
DEBUG: Insertion de la clé : 1 avec capacité : 0 et charge : 96811846
DEBUG: Clé dupliquée ignorée : 1
DEBUG: Ligne brute lue : 1;-;-;1;-;21;0;28198359

DEBUG: Ligne brute lue : 1
DEBUG: Champs extraits - PowerPlant: 1, HVB: -, HVA: -, LV: 1, Company: -, Individual: 21, Capacity: 0, Load: 28198359
DEBUG: Données converties - Capacity: 0, Load: 28198359
DEBUG: Insertion dans l'arbre AVL pour la clé : 1
DEBUG: Insertion de la clé : 1 avec capacité : 0 et charge : 28198359
DEBUG: Clé dupliquée ignorée : 1
DEBUG: Ligne brute lue : 1;-;-;1;-;22;0;26074220

DEBUG: Ligne brute lue : 1
DEBUG: Champs extraits - PowerPlant: 1, HVB: -, HVA: -, LV: 1, Company: -, Individual: 22, Capacity: 0, Load: 26074220
DEBUG: Données converties - Capacity: 0, Load: 26074220
DEBUG: Insertion dans l'arbre AVL pour la clé : 1
DEBUG: Insertion de la clé : 1 avec capacité : 0 et charge : 26074220
DEBUG: Clé dupliquée ignorée : 1
DEBUG: Ligne brute lue : 1;-;-;1;-;23;0;20274618

DEBUG: Ligne brute lue : 1
DEBUG: Champs extraits - PowerPlant: 1, HVB: -, HVA: -, LV: 1, Company: -, Individual: 23, Capacity: 0, Load: 20274618
DEBUG: Données converties - Capacity: 0, Load: 20274618
DEBUG: Insertion dans l'arbre AVL pour la clé : 1
DEBUG: Insertion de la clé : 1 avec capacité : 0 et charge : 20274618
DEBUG: Clé dupliquée ignorée : 1
DEBUG: Ligne brute lue : 1;-;1;2;-;-;382635838;0

DEBUG: Ligne brute lue : 1
DEBUG: Champs extraits - PowerPlant: 1, HVB: -, HVA: 1, LV: 2, Company: -, Individual: -, Capacity: 382635838, Load: 0
DEBUG: Données converties - Capacity: 382635838, Load: 0
DEBUG: Insertion dans l'arbre AVL pour la clé : 1
DEBUG: Insertion de la clé : 1 avec capacité : 382635838 et charge : 0
DEBUG: Clé dupliquée ignorée : 1
DEBUG: Ligne brute lue : 1;-;-;2;2;-;0;87678035

DEBUG: Ligne brute lue : 1
DEBUG: Champs extraits - PowerPlant: 1, HVB: -, HVA: -, LV: 2, Company: 2, Individual: -, Capacity: 0, Load: 87678035
DEBUG: Données converties - Capacity: 0, Load: 87678035
DEBUG: Insertion dans l'arbre AVL pour la clé : 1
DEBUG: Insertion de la clé : 1 avec capacité : 0 et charge : 87678035
DEBUG: Clé dupliquée ignorée : 1
DEBUG: Ligne brute lue : 1;-;-;2;-;24;0;25315611

DEBUG: Ligne brute lue : 1
DEBUG: Champs extraits - PowerPlant: 1, HVB: -, HVA: -, LV: 2, Company: -, Individual: 24, Capacity: 0, Load: 25315611
DEBUG: Données converties - Capacity: 0, Load: 25315611
DEBUG: Insertion dans l'arbre AVL pour la clé : 1
DEBUG: Insertion de la clé : 1 avec capacité : 0 et charge : 25315611
DEBUG: Clé dupliquée ignorée : 1
DEBUG: Ligne brute lue : 1;-;-;2;-;25;0;27415657

DEBUG: Ligne brute lue : 1
DEBUG: Champs extraits - PowerPlant: 1, HVB: -, HVA: -, LV: 2, Company: -, Individual: 25, Capacity: 0, Load: 27415657
DEBUG: Données converties - Capacity: 0, Load: 27415657
DEBUG: Insertion dans l'arbre AVL pour la clé : 1
DEBUG: Insertion de la clé : 1 avec capacité : 0 et charge : 27415657
DEBUG: Clé dupliquée ignorée : 1
DEBUG: Ligne brute lue : 1;-;-;2;-;26;0;21164380

DEBUG: Ligne brute lue : 1
DEBUG: Champs extraits - PowerPlant: 1, HVB: -, HVA: -, LV: 2, Company: -, Individual: 26, Capacity: 0, Load: 21164380
DEBUG: Données converties - Capacity: 0, Load: 21164380
DEBUG: Insertion dans l'arbre AVL pour la clé : 1
DEBUG: Insertion de la clé : 1 avec capacité : 0 et charge : 21164380
DEBUG: Clé dupliquée ignorée : 1
DEBUG: Ligne brute lue : 1;-;1;3;-;-;291629372;0

DEBUG: Ligne brute lue : 1
DEBUG: Champs extraits - PowerPlant: 1, HVB: -, HVA: 1, LV: 3, Company: -, Individual: -, Capacity: 291629372, Load: 0
DEBUG: Données converties - Capacity: 291629372, Load: 0
DEBUG: Insertion dans l'arbre AVL pour la clé : 1
DEBUG: Insertion de la clé : 1 avec capacité : 291629372 et charge : 0
DEBUG: Clé dupliquée ignorée : 1
DEBUG: Ligne brute lue : 1;-;-;3;3;-;0;87081349

DEBUG: Ligne brute lue : 1
DEBUG: Champs extraits - PowerPlant: 1, HVB: -, HVA: -, LV: 3, Company: 3, Individual: -, Capacity: 0, Load: 87081349
DEBUG: Données converties - Capacity: 0, Load: 87081349
DEBUG: Insertion dans l'arbre AVL pour la clé : 1
DEBUG: Insertion de la clé : 1 avec capacité : 0 et charge : 87081349
DEBUG: Clé dupliquée ignorée : 1
DEBUG: Ligne brute lue : 1;-;-;3;-;27;0;27439742

DEBUG: Ligne brute lue : 1
DEBUG: Champs extraits - PowerPlant: 1, HVB: -, HVA: -, LV: 3, Company: -, Individual: 27, Capacity: 0, Load: 27439742
DEBUG: Données converties - Capacity: 0, Load: 27439742
DEBUG: Insertion dans l'arbre AVL pour la clé : 1
DEBUG: Insertion de la clé : 1 avec capacité : 0 et charge : 27439742
DEBUG: Clé dupliquée ignorée : 1
DEBUG: Ligne brute lue : 1;-;-;3;-;28;0;21372652

DEBUG: Ligne brute lue : 1
DEBUG: Champs extraits - PowerPlant: 1, HVB: -, HVA: -, LV: 3, Company: -, Individual: 28, Capacity: 0, Load: 21372652
DEBUG: Données converties - Capacity: 0, Load: 21372652
DEBUG: Insertion dans l'arbre AVL pour la clé : 1
DEBUG: Insertion de la clé : 1 avec capacité : 0 et charge : 21372652
DEBUG: Clé dupliquée ignorée : 1
DEBUG: Ligne brute lue : 1;-;-;3;-;29;0;22139671

DEBUG: Ligne brute lue : 1
DEBUG: Champs extraits - PowerPlant: 1, HVB: -, HVA: -, LV: 3, Company: -, Individual: 29, Capacity: 0, Load: 22139671
DEBUG: Données converties - Capacity: 0, Load: 22139671
DEBUG: Insertion dans l'arbre AVL pour la clé : 1
DEBUG: Insertion de la clé : 1 avec capacité : 0 et charge : 22139671
DEBUG: Clé dupliquée ignorée : 1
DEBUG: Ligne brute lue : 1;-;-;3;-;30;0;24395748

DEBUG: Ligne brute lue : 1
DEBUG: Champs extraits - PowerPlant: 1, HVB: -, HVA: -, LV: 3, Company: -, Individual: 30, Capacity: 0, Load: 24395748
DEBUG: Données converties - Capacity: 0, Load: 24395748
DEBUG: Insertion dans l'arbre AVL pour la clé : 1
DEBUG: Insertion de la clé : 1 avec capacité : 0 et charge : 24395748
DEBUG: Clé dupliquée ignorée : 1
DEBUG: Ligne brute lue : 1;2;-;-;-;-;929226439;0

DEBUG: Ligne brute lue : 1
DEBUG: Champs extraits - PowerPlant: 1, HVB: 2, HVA: -, LV: -, Company: -, Individual: -, Capacity: 929226439, Load: 0
DEBUG: Données converties - Capacity: 929226439, Load: 0
DEBUG: Insertion dans l'arbre AVL pour la clé : 1
DEBUG: Insertion de la clé : 1 avec capacité : 929226439 et charge : 0
DEBUG: Clé dupliquée ignorée : 1
DEBUG: Ligne brute lue : 1;2;-;-;72;-;0;199251210

DEBUG: Ligne brute lue : 1
DEBUG: Champs extraits - PowerPlant: 1, HVB: 2, HVA: -, LV: -, Company: 72, Individual: -, Capacity: 0, Load: 199251210
DEBUG: Données converties - Capacity: 0, Load: 199251210
DEBUG: Insertion dans l'arbre AVL pour la clé : 1
DEBUG: Insertion de la clé : 1 avec capacité : 0 et charge : 199251210
DEBUG: Clé dupliquée ignorée : 1
DEBUG: Ligne brute lue : 1;2;2;-;-;-;262751441;0

DEBUG: Ligne brute lue : 1
DEBUG: Champs extraits - PowerPlant: 1, HVB: 2, HVA: 2, LV: -, Company: -, Individual: -, Capacity: 262751441, Load: 0
DEBUG: Données converties - Capacity: 262751441, Load: 0
DEBUG: Insertion dans l'arbre AVL pour la clé : 1
DEBUG: Insertion de la clé : 1 avec capacité : 262751441 et charge : 0
DEBUG: Clé dupliquée ignorée : 1
DEBUG: Ligne brute lue : 1;-;2;-;62;-;0;208939617

DEBUG: Ligne brute lue : 1
DEBUG: Champs extraits - PowerPlant: 1, HVB: -, HVA: 2, LV: -, Company: 62, Individual: -, Capacity: 0, Load: 208939617
DEBUG: Données converties - Capacity: 0, Load: 208939617
DEBUG: Insertion dans l'arbre AVL pour la clé : 1
DEBUG: Insertion de la clé : 1 avec capacité : 0 et charge : 208939617
DEBUG: Clé dupliquée ignorée : 1
DEBUG: Ligne brute lue : 1;-;2;4;-;-;130918331;0

DEBUG: Ligne brute lue : 1
DEBUG: Champs extraits - PowerPlant: 1, HVB: -, HVA: 2, LV: 4, Company: -, Individual: -, Capacity: 130918331, Load: 0
DEBUG: Données converties - Capacity: 130918331, Load: 0
DEBUG: Insertion dans l'arbre AVL pour la clé : 1
DEBUG: Insertion de la clé : 1 avec capacité : 130918331 et charge : 0
DEBUG: Clé dupliquée ignorée : 1
DEBUG: Ligne brute lue : 1;-;-;4;4;-;0;109863853

DEBUG: Ligne brute lue : 1
DEBUG: Champs extraits - PowerPlant: 1, HVB: -, HVA: -, LV: 4, Company: 4, Individual: -, Capacity: 0, Load: 109863853
DEBUG: Données converties - Capacity: 0, Load: 109863853
DEBUG: Insertion dans l'arbre AVL pour la clé : 1
DEBUG: Insertion de la clé : 1 avec capacité : 0 et charge : 109863853
DEBUG: Clé dupliquée ignorée : 1
DEBUG: Ligne brute lue : 1;-;-;4;-;31;0;29518559

DEBUG: Ligne brute lue : 1
DEBUG: Champs extraits - PowerPlant: 1, HVB: -, HVA: -, LV: 4, Company: -, Individual: 31, Capacity: 0, Load: 29518559
DEBUG: Données converties - Capacity: 0, Load: 29518559
DEBUG: Insertion dans l'arbre AVL pour la clé : 1
DEBUG: Insertion de la clé : 1 avec capacité : 0 et charge : 29518559
DEBUG: Clé dupliquée ignorée : 1
DEBUG: Ligne brute lue : 1;-;-;4;-;32;0;26326149

DEBUG: Ligne brute lue : 1
DEBUG: Champs extraits - PowerPlant: 1, HVB: -, HVA: -, LV: 4, Company: -, Individual: 32, Capacity: 0, Load: 26326149
DEBUG: Données converties - Capacity: 0, Load: 26326149
DEBUG: Insertion dans l'arbre AVL pour la clé : 1
DEBUG: Insertion de la clé : 1 avec capacité : 0 et charge : 26326149
DEBUG: Clé dupliquée ignorée : 1
DEBUG: Ligne brute lue : 1;-;2;5;-;-;131833110;0

DEBUG: Ligne brute lue : 1
DEBUG: Champs extraits - PowerPlant: 1, HVB: -, HVA: 2, LV: 5, Company: -, Individual: -, Capacity: 131833110, Load: 0
DEBUG: Données converties - Capacity: 131833110, Load: 0
DEBUG: Insertion dans l'arbre AVL pour la clé : 1
DEBUG: Insertion de la clé : 1 avec capacité : 131833110 et charge : 0
DEBUG: Clé dupliquée ignorée : 1
DEBUG: Ligne brute lue : 1;-;-;5;5;-;0;106882485

DEBUG: Ligne brute lue : 1
DEBUG: Champs extraits - PowerPlant: 1, HVB: -, HVA: -, LV: 5, Company: 5, Individual: -, Capacity: 0, Load: 106882485
DEBUG: Données converties - Capacity: 0, Load: 106882485
DEBUG: Insertion dans l'arbre AVL pour la clé : 1
DEBUG: Insertion de la clé : 1 avec capacité : 0 et charge : 106882485
DEBUG: Clé dupliquée ignorée : 1
DEBUG: Ligne brute lue : 1;-;-;5;-;33;0;26414187

DEBUG: Ligne brute lue : 1
DEBUG: Champs extraits - PowerPlant: 1, HVB: -, HVA: -, LV: 5, Company: -, Individual: 33, Capacity: 0, Load: 26414187
DEBUG: Données converties - Capacity: 0, Load: 26414187
DEBUG: Insertion dans l'arbre AVL pour la clé : 1
DEBUG: Insertion de la clé : 1 avec capacité : 0 et charge : 26414187
DEBUG: Clé dupliquée ignorée : 1
DEBUG: Ligne brute lue : 1;-;-;5;-;34;0;21655845

DEBUG: Ligne brute lue : 1
DEBUG: Champs extraits - PowerPlant: 1, HVB: -, HVA: -, LV: 5, Company: -, Individual: 34, Capacity: 0, Load: 21655845
DEBUG: Données converties - Capacity: 0, Load: 21655845
DEBUG: Insertion dans l'arbre AVL pour la clé : 1
DEBUG: Insertion de la clé : 1 avec capacité : 0 et charge : 21655845
DEBUG: Clé dupliquée ignorée : 1
DEBUG: Ligne brute lue : 1;2;3;-;-;-;381686682;0

DEBUG: Ligne brute lue : 1
DEBUG: Champs extraits - PowerPlant: 1, HVB: 2, HVA: 3, LV: -, Company: -, Individual: -, Capacity: 381686682, Load: 0
DEBUG: Données converties - Capacity: 381686682, Load: 0
DEBUG: Insertion dans l'arbre AVL pour la clé : 1
DEBUG: Insertion de la clé : 1 avec capacité : 381686682 et charge : 0
DEBUG: Clé dupliquée ignorée : 1
DEBUG: Ligne brute lue : 1;-;3;-;63;-;0;162310400

DEBUG: Ligne brute lue : 1
DEBUG: Champs extraits - PowerPlant: 1, HVB: -, HVA: 3, LV: -, Company: 63, Individual: -, Capacity: 0, Load: 162310400
DEBUG: Données converties - Capacity: 0, Load: 162310400
DEBUG: Insertion dans l'arbre AVL pour la clé : 1
DEBUG: Insertion de la clé : 1 avec capacité : 0 et charge : 162310400
DEBUG: Clé dupliquée ignorée : 1
DEBUG: Ligne brute lue : 1;-;3;6;-;-;161908098;0

DEBUG: Ligne brute lue : 1
DEBUG: Champs extraits - PowerPlant: 1, HVB: -, HVA: 3, LV: 6, Company: -, Individual: -, Capacity: 161908098, Load: 0
DEBUG: Données converties - Capacity: 161908098, Load: 0
DEBUG: Insertion dans l'arbre AVL pour la clé : 1
DEBUG: Insertion de la clé : 1 avec capacité : 161908098 et charge : 0
DEBUG: Clé dupliquée ignorée : 1
DEBUG: Ligne brute lue : 1;-;-;6;6;-;0;88353050

DEBUG: Ligne brute lue : 1
DEBUG: Champs extraits - PowerPlant: 1, HVB: -, HVA: -, LV: 6, Company: 6, Individual: -, Capacity: 0, Load: 88353050
DEBUG: Données converties - Capacity: 0, Load: 88353050
DEBUG: Insertion dans l'arbre AVL pour la clé : 1
DEBUG: Insertion de la clé : 1 avec capacité : 0 et charge : 88353050
DEBUG: Clé dupliquée ignorée : 1
DEBUG: Ligne brute lue : 1;-;-;6;7;-;0;108114500

DEBUG: Ligne brute lue : 1
DEBUG: Champs extraits - PowerPlant: 1, HVB: -, HVA: -, LV: 6, Company: 7, Individual: -, Capacity: 0, Load: 108114500
DEBUG: Données converties - Capacity: 0, Load: 108114500
DEBUG: Insertion dans l'arbre AVL pour la clé : 1
DEBUG: Insertion de la clé : 1 avec capacité : 0 et charge : 108114500
DEBUG: Clé dupliquée ignorée : 1
DEBUG: Ligne brute lue : 1;-;-;6;8;-;0;116481301

DEBUG: Ligne brute lue : 1
DEBUG: Champs extraits - PowerPlant: 1, HVB: -, HVA: -, LV: 6, Company: 8, Individual: -, Capacity: 0, Load: 116481301
DEBUG: Données converties - Capacity: 0, Load: 116481301
DEBUG: Insertion dans l'arbre AVL pour la clé : 1
DEBUG: Insertion de la clé : 1 avec capacité : 0 et charge : 116481301
DEBUG: Clé dupliquée ignorée : 1
DEBUG: Ligne brute lue : 1;-;-;6;-;35;0;29433897

DEBUG: Ligne brute lue : 1
DEBUG: Champs extraits - PowerPlant: 1, HVB: -, HVA: -, LV: 6, Company: -, Individual: 35, Capacity: 0, Load: 29433897
DEBUG: Données converties - Capacity: 0, Load: 29433897
DEBUG: Insertion dans l'arbre AVL pour la clé : 1
DEBUG: Insertion de la clé : 1 avec capacité : 0 et charge : 29433897
DEBUG: Clé dupliquée ignorée : 1
DEBUG: Ligne brute lue : 1;-;-;6;-;36;0;21890244

DEBUG: Ligne brute lue : 1
DEBUG: Champs extraits - PowerPlant: 1, HVB: -, HVA: -, LV: 6, Company: -, Individual: 36, Capacity: 0, Load: 21890244
DEBUG: Données converties - Capacity: 0, Load: 21890244
DEBUG: Insertion dans l'arbre AVL pour la clé : 1
DEBUG: Insertion de la clé : 1 avec capacité : 0 et charge : 21890244
DEBUG: Clé dupliquée ignorée : 1
DEBUG: Ligne brute lue : 1;-;3;7;-;-;219778584;0

DEBUG: Ligne brute lue : 1
DEBUG: Champs extraits - PowerPlant: 1, HVB: -, HVA: 3, LV: 7, Company: -, Individual: -, Capacity: 219778584, Load: 0
DEBUG: Données converties - Capacity: 219778584, Load: 0
DEBUG: Insertion dans l'arbre AVL pour la clé : 1
DEBUG: Insertion de la clé : 1 avec capacité : 219778584 et charge : 0
DEBUG: Clé dupliquée ignorée : 1
DEBUG: Ligne brute lue : 1;-;-;7;9;-;0;117685819

DEBUG: Ligne brute lue : 1
DEBUG: Champs extraits - PowerPlant: 1, HVB: -, HVA: -, LV: 7, Company: 9, Individual: -, Capacity: 0, Load: 117685819
DEBUG: Données converties - Capacity: 0, Load: 117685819
DEBUG: Insertion dans l'arbre AVL pour la clé : 1
DEBUG: Insertion de la clé : 1 avec capacité : 0 et charge : 117685819
DEBUG: Clé dupliquée ignorée : 1
DEBUG: Ligne brute lue : 1;-;-;7;-;37;0;25290499

DEBUG: Ligne brute lue : 1
DEBUG: Champs extraits - PowerPlant: 1, HVB: -, HVA: -, LV: 7, Company: -, Individual: 37, Capacity: 0, Load: 25290499
DEBUG: Données converties - Capacity: 0, Load: 25290499
DEBUG: Insertion dans l'arbre AVL pour la clé : 1
DEBUG: Insertion de la clé : 1 avec capacité : 0 et charge : 25290499
DEBUG: Clé dupliquée ignorée : 1
DEBUG: Ligne brute lue : 1;-;-;7;-;38;0;22207938

DEBUG: Ligne brute lue : 1
DEBUG: Champs extraits - PowerPlant: 1, HVB: -, HVA: -, LV: 7, Company: -, Individual: 38, Capacity: 0, Load: 22207938
DEBUG: Données converties - Capacity: 0, Load: 22207938
DEBUG: Insertion dans l'arbre AVL pour la clé : 1
DEBUG: Insertion de la clé : 1 avec capacité : 0 et charge : 22207938
DEBUG: Clé dupliquée ignorée : 1
DEBUG: Ligne brute lue : 1;2;4;-;-;-;284788316;0

DEBUG: Ligne brute lue : 1
DEBUG: Champs extraits - PowerPlant: 1, HVB: 2, HVA: 4, LV: -, Company: -, Individual: -, Capacity: 284788316, Load: 0
DEBUG: Données converties - Capacity: 284788316, Load: 0
DEBUG: Insertion dans l'arbre AVL pour la clé : 1
DEBUG: Insertion de la clé : 1 avec capacité : 284788316 et charge : 0
DEBUG: Clé dupliquée ignorée : 1
DEBUG: Ligne brute lue : 1;-;4;-;64;-;0;178817352

DEBUG: Ligne brute lue : 1
DEBUG: Champs extraits - PowerPlant: 1, HVB: -, HVA: 4, LV: -, Company: 64, Individual: -, Capacity: 0, Load: 178817352
DEBUG: Données converties - Capacity: 0, Load: 178817352
DEBUG: Insertion dans l'arbre AVL pour la clé : 1
DEBUG: Insertion de la clé : 1 avec capacité : 0 et charge : 178817352
DEBUG: Clé dupliquée ignorée : 1
DEBUG: Ligne brute lue : 1;-;4;8;-;-;152279330;0

DEBUG: Ligne brute lue : 1
DEBUG: Champs extraits - PowerPlant: 1, HVB: -, HVA: 4, LV: 8, Company: -, Individual: -, Capacity: 152279330, Load: 0
DEBUG: Données converties - Capacity: 152279330, Load: 0
DEBUG: Insertion dans l'arbre AVL pour la clé : 1
DEBUG: Insertion de la clé : 1 avec capacité : 152279330 et charge : 0
DEBUG: Clé dupliquée ignorée : 1
DEBUG: Ligne brute lue : 1;-;-;8;10;-;0;88949037

DEBUG: Ligne brute lue : 1
DEBUG: Champs extraits - PowerPlant: 1, HVB: -, HVA: -, LV: 8, Company: 10, Individual: -, Capacity: 0, Load: 88949037
DEBUG: Données converties - Capacity: 0, Load: 88949037
DEBUG: Insertion dans l'arbre AVL pour la clé : 1
DEBUG: Insertion de la clé : 1 avec capacité : 0 et charge : 88949037
DEBUG: Clé dupliquée ignorée : 1
DEBUG: Ligne brute lue : 1;-;-;8;11;-;0;105967169

DEBUG: Ligne brute lue : 1
DEBUG: Champs extraits - PowerPlant: 1, HVB: -, HVA: -, LV: 8, Company: 11, Individual: -, Capacity: 0, Load: 105967169
DEBUG: Données converties - Capacity: 0, Load: 105967169
DEBUG: Insertion dans l'arbre AVL pour la clé : 1
DEBUG: Insertion de la clé : 1 avec capacité : 0 et charge : 105967169
DEBUG: Clé dupliquée ignorée : 1
DEBUG: Ligne brute lue : 1;-;-;8;-;39;0;26540555

DEBUG: Ligne brute lue : 1
DEBUG: Champs extraits - PowerPlant: 1, HVB: -, HVA: -, LV: 8, Company: -, Individual: 39, Capacity: 0, Load: 26540555
DEBUG: Données converties - Capacity: 0, Load: 26540555
DEBUG: Insertion dans l'arbre AVL pour la clé : 1
DEBUG: Insertion de la clé : 1 avec capacité : 0 et charge : 26540555
DEBUG: Clé dupliquée ignorée : 1
DEBUG: Ligne brute lue : 1;-;-;8;-;40;0;29009581

DEBUG: Ligne brute lue : 1
DEBUG: Champs extraits - PowerPlant: 1, HVB: -, HVA: -, LV: 8, Company: -, Individual: 40, Capacity: 0, Load: 29009581
DEBUG: Données converties - Capacity: 0, Load: 29009581
DEBUG: Insertion dans l'arbre AVL pour la clé : 1
DEBUG: Insertion de la clé : 1 avec capacité : 0 et charge : 29009581
DEBUG: Clé dupliquée ignorée : 1
DEBUG: Ligne brute lue : 1;-;4;9;-;-;132508986;0

DEBUG: Ligne brute lue : 1
DEBUG: Champs extraits - PowerPlant: 1, HVB: -, HVA: 4, LV: 9, Company: -, Individual: -, Capacity: 132508986, Load: 0
DEBUG: Données converties - Capacity: 132508986, Load: 0
DEBUG: Insertion dans l'arbre AVL pour la clé : 1
DEBUG: Insertion de la clé : 1 avec capacité : 132508986 et charge : 0
DEBUG: Clé dupliquée ignorée : 1
DEBUG: Ligne brute lue : 1;-;-;9;12;-;0;89254497

DEBUG: Ligne brute lue : 1
DEBUG: Champs extraits - PowerPlant: 1, HVB: -, HVA: -, LV: 9, Company: 12, Individual: -, Capacity: 0, Load: 89254497
DEBUG: Données converties - Capacity: 0, Load: 89254497
DEBUG: Insertion dans l'arbre AVL pour la clé : 1
DEBUG: Insertion de la clé : 1 avec capacité : 0 et charge : 89254497
DEBUG: Clé dupliquée ignorée : 1
DEBUG: Ligne brute lue : 1;-;-;9;13;-;0;96870145

DEBUG: Ligne brute lue : 1
DEBUG: Champs extraits - PowerPlant: 1, HVB: -, HVA: -, LV: 9, Company: 13, Individual: -, Capacity: 0, Load: 96870145
DEBUG: Données converties - Capacity: 0, Load: 96870145
DEBUG: Insertion dans l'arbre AVL pour la clé : 1
DEBUG: Insertion de la clé : 1 avec capacité : 0 et charge : 96870145
DEBUG: Clé dupliquée ignorée : 1
DEBUG: Ligne brute lue : 1;-;-;9;-;41;0;25006360

DEBUG: Ligne brute lue : 1
DEBUG: Champs extraits - PowerPlant: 1, HVB: -, HVA: -, LV: 9, Company: -, Individual: 41, Capacity: 0, Load: 25006360
DEBUG: Données converties - Capacity: 0, Load: 25006360
DEBUG: Insertion dans l'arbre AVL pour la clé : 1
DEBUG: Insertion de la clé : 1 avec capacité : 0 et charge : 25006360
DEBUG: Clé dupliquée ignorée : 1
DEBUG: Ligne brute lue : 1;-;-;9;-;42;0;20329381

DEBUG: Ligne brute lue : 1
DEBUG: Champs extraits - PowerPlant: 1, HVB: -, HVA: -, LV: 9, Company: -, Individual: 42, Capacity: 0, Load: 20329381
DEBUG: Données converties - Capacity: 0, Load: 20329381
DEBUG: Insertion dans l'arbre AVL pour la clé : 1
DEBUG: Insertion de la clé : 1 avec capacité : 0 et charge : 20329381
DEBUG: Clé dupliquée ignorée : 1
DEBUG: Ligne brute lue : 1;-;-;9;-;43;0;27267861

DEBUG: Ligne brute lue : 1
DEBUG: Champs extraits - PowerPlant: 1, HVB: -, HVA: -, LV: 9, Company: -, Individual: 43, Capacity: 0, Load: 27267861
DEBUG: Données converties - Capacity: 0, Load: 27267861
DEBUG: Insertion dans l'arbre AVL pour la clé : 1
DEBUG: Insertion de la clé : 1 avec capacité : 0 et charge : 27267861
DEBUG: Clé dupliquée ignorée : 1
DEBUG: Ligne brute lue : 1;3;-;-;-;-;861798301;0

DEBUG: Ligne brute lue : 1
DEBUG: Champs extraits - PowerPlant: 1, HVB: 3, HVA: -, LV: -, Company: -, Individual: -, Capacity: 861798301, Load: 0
DEBUG: Données converties - Capacity: 861798301, Load: 0
DEBUG: Insertion dans l'arbre AVL pour la clé : 1
DEBUG: Insertion de la clé : 1 avec capacité : 861798301 et charge : 0
DEBUG: Clé dupliquée ignorée : 1
DEBUG: Ligne brute lue : 1;3;-;-;73;-;0;186855839

DEBUG: Ligne brute lue : 1
DEBUG: Champs extraits - PowerPlant: 1, HVB: 3, HVA: -, LV: -, Company: 73, Individual: -, Capacity: 0, Load: 186855839
DEBUG: Données converties - Capacity: 0, Load: 186855839
DEBUG: Insertion dans l'arbre AVL pour la clé : 1
DEBUG: Insertion de la clé : 1 avec capacité : 0 et charge : 186855839
DEBUG: Clé dupliquée ignorée : 1
DEBUG: Ligne brute lue : 1;3;-;-;74;-;0;182648550

DEBUG: Ligne brute lue : 1
DEBUG: Champs extraits - PowerPlant: 1, HVB: 3, HVA: -, LV: -, Company: 74, Individual: -, Capacity: 0, Load: 182648550
DEBUG: Données converties - Capacity: 0, Load: 182648550
DEBUG: Insertion dans l'arbre AVL pour la clé : 1
DEBUG: Insertion de la clé : 1 avec capacité : 0 et charge : 182648550
DEBUG: Clé dupliquée ignorée : 1
DEBUG: Ligne brute lue : 1;3;5;-;-;-;348480321;0

DEBUG: Ligne brute lue : 1
DEBUG: Champs extraits - PowerPlant: 1, HVB: 3, HVA: 5, LV: -, Company: -, Individual: -, Capacity: 348480321, Load: 0
DEBUG: Données converties - Capacity: 348480321, Load: 0
DEBUG: Insertion dans l'arbre AVL pour la clé : 1
DEBUG: Insertion de la clé : 1 avec capacité : 348480321 et charge : 0
DEBUG: Clé dupliquée ignorée : 1
DEBUG: Ligne brute lue : 1;-;5;-;65;-;0;175388585

DEBUG: Ligne brute lue : 1
DEBUG: Champs extraits - PowerPlant: 1, HVB: -, HVA: 5, LV: -, Company: 65, Individual: -, Capacity: 0, Load: 175388585
DEBUG: Données converties - Capacity: 0, Load: 175388585
DEBUG: Insertion dans l'arbre AVL pour la clé : 1
DEBUG: Insertion de la clé : 1 avec capacité : 0 et charge : 175388585
DEBUG: Clé dupliquée ignorée : 1
DEBUG: Ligne brute lue : 1;-;5;-;66;-;0;243032031

DEBUG: Ligne brute lue : 1
DEBUG: Champs extraits - PowerPlant: 1, HVB: -, HVA: 5, LV: -, Company: 66, Individual: -, Capacity: 0, Load: 243032031
DEBUG: Données converties - Capacity: 0, Load: 243032031
DEBUG: Insertion dans l'arbre AVL pour la clé : 1
DEBUG: Insertion de la clé : 1 avec capacité : 0 et charge : 243032031
DEBUG: Clé dupliquée ignorée : 1
DEBUG: Ligne brute lue : 1;-;5;-;67;-;0;232836437

DEBUG: Ligne brute lue : 1
DEBUG: Champs extraits - PowerPlant: 1, HVB: -, HVA: 5, LV: -, Company: 67, Individual: -, Capacity: 0, Load: 232836437
DEBUG: Données converties - Capacity: 0, Load: 232836437
DEBUG: Insertion dans l'arbre AVL pour la clé : 1
DEBUG: Insertion de la clé : 1 avec capacité : 0 et charge : 232836437
DEBUG: Clé dupliquée ignorée : 1
DEBUG: Ligne brute lue : 1;-;5;10;-;-;200301465;0

DEBUG: Ligne brute lue : 1
DEBUG: Champs extraits - PowerPlant: 1, HVB: -, HVA: 5, LV: 10, Company: -, Individual: -, Capacity: 200301465, Load: 0
DEBUG: Données converties - Capacity: 200301465, Load: 0
DEBUG: Insertion dans l'arbre AVL pour la clé : 1
DEBUG: Insertion de la clé : 1 avec capacité : 200301465 et charge : 0
DEBUG: Clé dupliquée ignorée : 1
DEBUG: Ligne brute lue : 1;-;-;10;14;-;0;88514679

DEBUG: Ligne brute lue : 1
DEBUG: Champs extraits - PowerPlant: 1, HVB: -, HVA: -, LV: 10, Company: 14, Individual: -, Capacity: 0, Load: 88514679
DEBUG: Données converties - Capacity: 0, Load: 88514679
DEBUG: Insertion dans l'arbre AVL pour la clé : 1
DEBUG: Insertion de la clé : 1 avec capacité : 0 et charge : 88514679
DEBUG: Clé dupliquée ignorée : 1
DEBUG: Ligne brute lue : 1;-;-;10;-;44;0;23074076

DEBUG: Ligne brute lue : 1
DEBUG: Champs extraits - PowerPlant: 1, HVB: -, HVA: -, LV: 10, Company: -, Individual: 44, Capacity: 0, Load: 23074076
DEBUG: Données converties - Capacity: 0, Load: 23074076
DEBUG: Insertion dans l'arbre AVL pour la clé : 1
DEBUG: Insertion de la clé : 1 avec capacité : 0 et charge : 23074076
DEBUG: Clé dupliquée ignorée : 1
DEBUG: Ligne brute lue : 1;-;-;10;-;45;0;26514477

DEBUG: Ligne brute lue : 1
DEBUG: Champs extraits - PowerPlant: 1, HVB: -, HVA: -, LV: 10, Company: -, Individual: 45, Capacity: 0, Load: 26514477
DEBUG: Données converties - Capacity: 0, Load: 26514477
DEBUG: Insertion dans l'arbre AVL pour la clé : 1
DEBUG: Insertion de la clé : 1 avec capacité : 0 et charge : 26514477
DEBUG: Clé dupliquée ignorée : 1
DEBUG: Ligne brute lue : 1;-;-;10;-;46;0;23955876

DEBUG: Ligne brute lue : 1
DEBUG: Champs extraits - PowerPlant: 1, HVB: -, HVA: -, LV: 10, Company: -, Individual: 46, Capacity: 0, Load: 23955876
DEBUG: Données converties - Capacity: 0, Load: 23955876
DEBUG: Insertion dans l'arbre AVL pour la clé : 1
DEBUG: Insertion de la clé : 1 avec capacité : 0 et charge : 23955876
DEBUG: Clé dupliquée ignorée : 1
DEBUG: Ligne brute lue : 1;-;5;11;-;-;148178856;0

DEBUG: Ligne brute lue : 1
DEBUG: Champs extraits - PowerPlant: 1, HVB: -, HVA: 5, LV: 11, Company: -, Individual: -, Capacity: 148178856, Load: 0
DEBUG: Données converties - Capacity: 148178856, Load: 0
DEBUG: Insertion dans l'arbre AVL pour la clé : 1
DEBUG: Insertion de la clé : 1 avec capacité : 148178856 et charge : 0
DEBUG: Clé dupliquée ignorée : 1
DEBUG: Ligne brute lue : 1;-;-;11;15;-;0;118776464

DEBUG: Ligne brute lue : 1
DEBUG: Champs extraits - PowerPlant: 1, HVB: -, HVA: -, LV: 11, Company: 15, Individual: -, Capacity: 0, Load: 118776464
DEBUG: Données converties - Capacity: 0, Load: 118776464
DEBUG: Insertion dans l'arbre AVL pour la clé : 1
DEBUG: Insertion de la clé : 1 avec capacité : 0 et charge : 118776464
DEBUG: Clé dupliquée ignorée : 1
DEBUG: Ligne brute lue : 1;-;-;11;-;47;0;22991281

DEBUG: Ligne brute lue : 1
DEBUG: Champs extraits - PowerPlant: 1, HVB: -, HVA: -, LV: 11, Company: -, Individual: 47, Capacity: 0, Load: 22991281
DEBUG: Données converties - Capacity: 0, Load: 22991281
DEBUG: Insertion dans l'arbre AVL pour la clé : 1
DEBUG: Insertion de la clé : 1 avec capacité : 0 et charge : 22991281
DEBUG: Clé dupliquée ignorée : 1
DEBUG: Ligne brute lue : 1;-;-;11;-;48;0;29112418

DEBUG: Ligne brute lue : 1
DEBUG: Champs extraits - PowerPlant: 1, HVB: -, HVA: -, LV: 11, Company: -, Individual: 48, Capacity: 0, Load: 29112418
DEBUG: Données converties - Capacity: 0, Load: 29112418
DEBUG: Insertion dans l'arbre AVL pour la clé : 1
DEBUG: Insertion de la clé : 1 avec capacité : 0 et charge : 29112418
DEBUG: Clé dupliquée ignorée : 1
DEBUG: Ligne brute lue : 1;-;-;11;-;49;0;20794668

DEBUG: Ligne brute lue : 1
DEBUG: Champs extraits - PowerPlant: 1, HVB: -, HVA: -, LV: 11, Company: -, Individual: 49, Capacity: 0, Load: 20794668
DEBUG: Données converties - Capacity: 0, Load: 20794668
DEBUG: Insertion dans l'arbre AVL pour la clé : 1
DEBUG: Insertion de la clé : 1 avec capacité : 0 et charge : 20794668
DEBUG: Clé dupliquée ignorée : 1
DEBUG: Ligne brute lue : 1;3;6;-;-;-;305062229;0

DEBUG: Ligne brute lue : 1
DEBUG: Champs extraits - PowerPlant: 1, HVB: 3, HVA: 6, LV: -, Company: -, Individual: -, Capacity: 305062229, Load: 0
DEBUG: Données converties - Capacity: 305062229, Load: 0
DEBUG: Insertion dans l'arbre AVL pour la clé : 1
DEBUG: Insertion de la clé : 1 avec capacité : 305062229 et charge : 0
DEBUG: Clé dupliquée ignorée : 1
DEBUG: Ligne brute lue : 1;-;6;-;68;-;0;204644960

DEBUG: Ligne brute lue : 1
DEBUG: Champs extraits - PowerPlant: 1, HVB: -, HVA: 6, LV: -, Company: 68, Individual: -, Capacity: 0, Load: 204644960
DEBUG: Données converties - Capacity: 0, Load: 204644960
DEBUG: Insertion dans l'arbre AVL pour la clé : 1
DEBUG: Insertion de la clé : 1 avec capacité : 0 et charge : 204644960
DEBUG: Clé dupliquée ignorée : 1
DEBUG: Ligne brute lue : 1;-;6;12;-;-;122352561;0

DEBUG: Ligne brute lue : 1
DEBUG: Champs extraits - PowerPlant: 1, HVB: -, HVA: 6, LV: 12, Company: -, Individual: -, Capacity: 122352561, Load: 0
DEBUG: Données converties - Capacity: 122352561, Load: 0
DEBUG: Insertion dans l'arbre AVL pour la clé : 1
DEBUG: Insertion de la clé : 1 avec capacité : 122352561 et charge : 0
DEBUG: Clé dupliquée ignorée : 1
DEBUG: Ligne brute lue : 1;-;-;12;16;-;0;85577082

DEBUG: Ligne brute lue : 1
DEBUG: Champs extraits - PowerPlant: 1, HVB: -, HVA: -, LV: 12, Company: 16, Individual: -, Capacity: 0, Load: 85577082
DEBUG: Données converties - Capacity: 0, Load: 85577082
DEBUG: Insertion dans l'arbre AVL pour la clé : 1
DEBUG: Insertion de la clé : 1 avec capacité : 0 et charge : 85577082
DEBUG: Clé dupliquée ignorée : 1
DEBUG: Ligne brute lue : 1;-;-;12;-;50;0;22971057

DEBUG: Ligne brute lue : 1
DEBUG: Champs extraits - PowerPlant: 1, HVB: -, HVA: -, LV: 12, Company: -, Individual: 50, Capacity: 0, Load: 22971057
DEBUG: Données converties - Capacity: 0, Load: 22971057
DEBUG: Insertion dans l'arbre AVL pour la clé : 1
DEBUG: Insertion de la clé : 1 avec capacité : 0 et charge : 22971057
DEBUG: Clé dupliquée ignorée : 1
DEBUG: Ligne brute lue : 1;-;-;12;-;51;0;27317393

DEBUG: Ligne brute lue : 1
DEBUG: Champs extraits - PowerPlant: 1, HVB: -, HVA: -, LV: 12, Company: -, Individual: 51, Capacity: 0, Load: 27317393
DEBUG: Données converties - Capacity: 0, Load: 27317393
DEBUG: Insertion dans l'arbre AVL pour la clé : 1
DEBUG: Insertion de la clé : 1 avec capacité : 0 et charge : 27317393
DEBUG: Clé dupliquée ignorée : 1
DEBUG: Ligne brute lue : 1;-;6;13;-;-;182709668;0

DEBUG: Ligne brute lue : 1
DEBUG: Champs extraits - PowerPlant: 1, HVB: -, HVA: 6, LV: 13, Company: -, Individual: -, Capacity: 182709668, Load: 0
DEBUG: Données converties - Capacity: 182709668, Load: 0
DEBUG: Insertion dans l'arbre AVL pour la clé : 1
DEBUG: Insertion de la clé : 1 avec capacité : 182709668 et charge : 0
DEBUG: Clé dupliquée ignorée : 1
DEBUG: Ligne brute lue : 1;-;-;13;17;-;0;121247424

DEBUG: Ligne brute lue : 1
DEBUG: Champs extraits - PowerPlant: 1, HVB: -, HVA: -, LV: 13, Company: 17, Individual: -, Capacity: 0, Load: 121247424
DEBUG: Données converties - Capacity: 0, Load: 121247424
DEBUG: Insertion dans l'arbre AVL pour la clé : 1
DEBUG: Insertion de la clé : 1 avec capacité : 0 et charge : 121247424
DEBUG: Clé dupliquée ignorée : 1
DEBUG: Ligne brute lue : 1;-;-;13;-;52;0;22490839

DEBUG: Ligne brute lue : 1
DEBUG: Champs extraits - PowerPlant: 1, HVB: -, HVA: -, LV: 13, Company: -, Individual: 52, Capacity: 0, Load: 22490839
DEBUG: Données converties - Capacity: 0, Load: 22490839
DEBUG: Insertion dans l'arbre AVL pour la clé : 1
DEBUG: Insertion de la clé : 1 avec capacité : 0 et charge : 22490839
DEBUG: Clé dupliquée ignorée : 1
DEBUG: Ligne brute lue : 1;-;-;13;-;53;0;25418298

DEBUG: Ligne brute lue : 1
DEBUG: Champs extraits - PowerPlant: 1, HVB: -, HVA: -, LV: 13, Company: -, Individual: 53, Capacity: 0, Load: 25418298
DEBUG: Données converties - Capacity: 0, Load: 25418298
DEBUG: Insertion dans l'arbre AVL pour la clé : 1
DEBUG: Insertion de la clé : 1 avec capacité : 0 et charge : 25418298
DEBUG: Clé dupliquée ignorée : 1
DEBUG: Ligne brute lue : 1;-;-;13;-;54;0;26582426

DEBUG: Ligne brute lue : 1
DEBUG: Champs extraits - PowerPlant: 1, HVB: -, HVA: -, LV: 13, Company: -, Individual: 54, Capacity: 0, Load: 26582426
DEBUG: Données converties - Capacity: 0, Load: 26582426
DEBUG: Insertion dans l'arbre AVL pour la clé : 1
DEBUG: Insertion de la clé : 1 avec capacité : 0 et charge : 26582426
DEBUG: Clé dupliquée ignorée : 1
DEBUG: Ligne brute lue : 1;3;7;-;-;-;208255751;0

DEBUG: Ligne brute lue : 1
DEBUG: Champs extraits - PowerPlant: 1, HVB: 3, HVA: 7, LV: -, Company: -, Individual: -, Capacity: 208255751, Load: 0
DEBUG: Données converties - Capacity: 208255751, Load: 0
DEBUG: Insertion dans l'arbre AVL pour la clé : 1
DEBUG: Insertion de la clé : 1 avec capacité : 208255751 et charge : 0
DEBUG: Clé dupliquée ignorée : 1
DEBUG: Ligne brute lue : 1;-;7;-;69;-;0;155738803

DEBUG: Ligne brute lue : 1
DEBUG: Champs extraits - PowerPlant: 1, HVB: -, HVA: 7, LV: -, Company: 69, Individual: -, Capacity: 0, Load: 155738803
DEBUG: Données converties - Capacity: 0, Load: 155738803
DEBUG: Insertion dans l'arbre AVL pour la clé : 1
DEBUG: Insertion de la clé : 1 avec capacité : 0 et charge : 155738803
DEBUG: Clé dupliquée ignorée : 1
DEBUG: Ligne brute lue : 1;-;7;14;-;-;122456466;0

DEBUG: Ligne brute lue : 1
DEBUG: Champs extraits - PowerPlant: 1, HVB: -, HVA: 7, LV: 14, Company: -, Individual: -, Capacity: 122456466, Load: 0
DEBUG: Données converties - Capacity: 122456466, Load: 0
DEBUG: Insertion dans l'arbre AVL pour la clé : 1
DEBUG: Insertion de la clé : 1 avec capacité : 122456466 et charge : 0
DEBUG: Clé dupliquée ignorée : 1
DEBUG: Ligne brute lue : 1;-;-;14;18;-;0;105726119

DEBUG: Ligne brute lue : 1
DEBUG: Champs extraits - PowerPlant: 1, HVB: -, HVA: -, LV: 14, Company: 18, Individual: -, Capacity: 0, Load: 105726119
DEBUG: Données converties - Capacity: 0, Load: 105726119
DEBUG: Insertion dans l'arbre AVL pour la clé : 1
DEBUG: Insertion de la clé : 1 avec capacité : 0 et charge : 105726119
DEBUG: Clé dupliquée ignorée : 1
DEBUG: Ligne brute lue : 1;-;-;14;-;55;0;25329713

DEBUG: Ligne brute lue : 1
DEBUG: Champs extraits - PowerPlant: 1, HVB: -, HVA: -, LV: 14, Company: -, Individual: 55, Capacity: 0, Load: 25329713
DEBUG: Données converties - Capacity: 0, Load: 25329713
DEBUG: Insertion dans l'arbre AVL pour la clé : 1
DEBUG: Insertion de la clé : 1 avec capacité : 0 et charge : 25329713
DEBUG: Clé dupliquée ignorée : 1
DEBUG: Ligne brute lue : 1;-;-;14;-;56;0;25029501

DEBUG: Ligne brute lue : 1
DEBUG: Champs extraits - PowerPlant: 1, HVB: -, HVA: -, LV: 14, Company: -, Individual: 56, Capacity: 0, Load: 25029501
DEBUG: Données converties - Capacity: 0, Load: 25029501
DEBUG: Insertion dans l'arbre AVL pour la clé : 1
DEBUG: Insertion de la clé : 1 avec capacité : 0 et charge : 25029501
DEBUG: Clé dupliquée ignorée : 1
DEBUG: Ligne brute lue : 1;-;7;15;-;-;85799285;0

DEBUG: Ligne brute lue : 1
DEBUG: Champs extraits - PowerPlant: 1, HVB: -, HVA: 7, LV: 15, Company: -, Individual: -, Capacity: 85799285, Load: 0
DEBUG: Données converties - Capacity: 85799285, Load: 0
DEBUG: Insertion dans l'arbre AVL pour la clé : 1
DEBUG: Insertion de la clé : 1 avec capacité : 85799285 et charge : 0
DEBUG: Clé dupliquée ignorée : 1
DEBUG: Ligne brute lue : 1;-;-;15;19;-;0;79045317

DEBUG: Ligne brute lue : 1
DEBUG: Champs extraits - PowerPlant: 1, HVB: -, HVA: -, LV: 15, Company: 19, Individual: -, Capacity: 0, Load: 79045317
DEBUG: Données converties - Capacity: 0, Load: 79045317
DEBUG: Insertion dans l'arbre AVL pour la clé : 1
DEBUG: Insertion de la clé : 1 avec capacité : 0 et charge : 79045317
DEBUG: Clé dupliquée ignorée : 1
DEBUG: Ligne brute lue : 1;-;-;15;-;57;0;24348496

DEBUG: Ligne brute lue : 1
DEBUG: Champs extraits - PowerPlant: 1, HVB: -, HVA: -, LV: 15, Company: -, Individual: 57, Capacity: 0, Load: 24348496
DEBUG: Données converties - Capacity: 0, Load: 24348496
DEBUG: Insertion dans l'arbre AVL pour la clé : 1
DEBUG: Insertion de la clé : 1 avec capacité : 0 et charge : 24348496
DEBUG: Clé dupliquée ignorée : 1
DEBUG: Ligne brute lue : 1;-;-;15;-;58;0;22983224

DEBUG: Ligne brute lue : 1
DEBUG: Champs extraits - PowerPlant: 1, HVB: -, HVA: -, LV: 15, Company: -, Individual: 58, Capacity: 0, Load: 22983224
DEBUG: Données converties - Capacity: 0, Load: 22983224
DEBUG: Insertion dans l'arbre AVL pour la clé : 1
DEBUG: Insertion de la clé : 1 avec capacité : 0 et charge : 22983224
DEBUG: Clé dupliquée ignorée : 1
DEBUG: Ligne brute lue : 2;-;-;-;-;-;3292711010;0

DEBUG: Ligne brute lue : 2
DEBUG: Champs extraits - PowerPlant: 2, HVB: -, HVA: -, LV: -, Company: -, Individual: -, Capacity: 3292711010, Load: 0
DEBUG: Données converties - Capacity: 3292711010, Load: 0
DEBUG: Insertion dans l'arbre AVL pour la clé : 2
DEBUG: Insertion de la clé : 2 avec capacité : 3292711010 et charge : 0
DEBUG: Insertion de la clé : 2 avec capacité : 3292711010 et charge : 0
DEBUG: Nouveau nœud créé avec la clé : 2
DEBUG: Ligne brute lue : 2;4;-;-;-;-;3292711010;0

DEBUG: Ligne brute lue : 2
DEBUG: Champs extraits - PowerPlant: 2, HVB: 4, HVA: -, LV: -, Company: -, Individual: -, Capacity: 3292711010, Load: 0
DEBUG: Données converties - Capacity: 3292711010, Load: 0
DEBUG: Insertion dans l'arbre AVL pour la clé : 2
DEBUG: Insertion de la clé : 2 avec capacité : 3292711010 et charge : 0
DEBUG: Insertion de la clé : 2 avec capacité : 3292711010 et charge : 0
DEBUG: Clé dupliquée ignorée : 2
DEBUG: Ligne brute lue : 2;4;-;-;75;-;0;255745631

DEBUG: Ligne brute lue : 2
DEBUG: Champs extraits - PowerPlant: 2, HVB: 4, HVA: -, LV: -, Company: 75, Individual: -, Capacity: 0, Load: 255745631
DEBUG: Données converties - Capacity: 0, Load: 255745631
DEBUG: Insertion dans l'arbre AVL pour la clé : 2
DEBUG: Insertion de la clé : 2 avec capacité : 0 et charge : 255745631
DEBUG: Insertion de la clé : 2 avec capacité : 0 et charge : 255745631
DEBUG: Clé dupliquée ignorée : 2
DEBUG: Ligne brute lue : 2;4;8;-;-;-;3292711010;0

DEBUG: Ligne brute lue : 2
DEBUG: Champs extraits - PowerPlant: 2, HVB: 4, HVA: 8, LV: -, Company: -, Individual: -, Capacity: 3292711010, Load: 0
DEBUG: Données converties - Capacity: 3292711010, Load: 0
DEBUG: Insertion dans l'arbre AVL pour la clé : 2
DEBUG: Insertion de la clé : 2 avec capacité : 3292711010 et charge : 0
DEBUG: Insertion de la clé : 2 avec capacité : 3292711010 et charge : 0
DEBUG: Clé dupliquée ignorée : 2
DEBUG: Ligne brute lue : 2;-;8;-;70;-;0;242827234

DEBUG: Ligne brute lue : 2
DEBUG: Champs extraits - PowerPlant: 2, HVB: -, HVA: 8, LV: -, Company: 70, Individual: -, Capacity: 0, Load: 242827234
DEBUG: Données converties - Capacity: 0, Load: 242827234
DEBUG: Insertion dans l'arbre AVL pour la clé : 2
DEBUG: Insertion de la clé : 2 avec capacité : 0 et charge : 242827234
DEBUG: Insertion de la clé : 2 avec capacité : 0 et charge : 242827234
DEBUG: Clé dupliquée ignorée : 2
DEBUG: Ligne brute lue : 2;-;8;16;-;-;3292711010;0

DEBUG: Ligne brute lue : 2
DEBUG: Champs extraits - PowerPlant: 2, HVB: -, HVA: 8, LV: 16, Company: -, Individual: -, Capacity: 3292711010, Load: 0
DEBUG: Données converties - Capacity: 3292711010, Load: 0
DEBUG: Insertion dans l'arbre AVL pour la clé : 2
DEBUG: Insertion de la clé : 2 avec capacité : 3292711010 et charge : 0
DEBUG: Insertion de la clé : 2 avec capacité : 3292711010 et charge : 0
DEBUG: Clé dupliquée ignorée : 2
DEBUG: Ligne brute lue : 2;-;-;16;20;-;0;110945777

DEBUG: Ligne brute lue : 2
DEBUG: Champs extraits - PowerPlant: 2, HVB: -, HVA: -, LV: 16, Company: 20, Individual: -, Capacity: 0, Load: 110945777
DEBUG: Données converties - Capacity: 0, Load: 110945777
DEBUG: Insertion dans l'arbre AVL pour la clé : 2
DEBUG: Insertion de la clé : 2 avec capacité : 0 et charge : 110945777
DEBUG: Insertion de la clé : 2 avec capacité : 0 et charge : 110945777
DEBUG: Clé dupliquée ignorée : 2
DEBUG: Ligne brute lue : 2;-;-;16;-;59;0;26269182

DEBUG: Ligne brute lue : 2
DEBUG: Champs extraits - PowerPlant: 2, HVB: -, HVA: -, LV: 16, Company: -, Individual: 59, Capacity: 0, Load: 26269182
DEBUG: Données converties - Capacity: 0, Load: 26269182
DEBUG: Insertion dans l'arbre AVL pour la clé : 2
DEBUG: Insertion de la clé : 2 avec capacité : 0 et charge : 26269182
DEBUG: Insertion de la clé : 2 avec capacité : 0 et charge : 26269182
DEBUG: Clé dupliquée ignorée : 2
DEBUG: Ligne brute lue : 2;-;-;16;-;60;0;25423772

DEBUG: Ligne brute lue : 2
DEBUG: Champs extraits - PowerPlant: 2, HVB: -, HVA: -, LV: 16, Company: -, Individual: 60, Capacity: 0, Load: 25423772
DEBUG: Données converties - Capacity: 0, Load: 25423772
DEBUG: Insertion dans l'arbre AVL pour la clé : 2
DEBUG: Insertion de la clé : 2 avec capacité : 0 et charge : 25423772
DEBUG: Insertion de la clé : 2 avec capacité : 0 et charge : 25423772
DEBUG: Clé dupliquée ignorée : 2
DEBUG: Arbre AVL généré avec succès.
DEBUG: Données chargées dans l'arbre AVL.
Clé : 1, Capacity : 2707288990, Load : 0
Clé : 2, Capacity : 3292711010, Load : 0
Consommation totale (Capacity) : 6000000000
DEBUG: Génération du fichier de sortie : output.dat
DEBUG: Ouverture du fichier de sortie : output.dat
DEBUG: En-tête écrit dans le fichier de sortie.
DEBUG: Fichier de sortie fermé.
DEBUG: Fichier de sortie généré avec succès : output.dat
Traitement terminé. Résultats enregistrés dans output.dat
